<?xml version="1.0" encoding="UTF-8"?>
<testng-results ignored="0" total="1" passed="1" failed="0" skipped="0">
  <reporter-output>
  </reporter-output>
  <suite started-at="2025-02-20T00:46:12 IST" name="Default suite" finished-at="2025-02-20T00:46:21 IST" duration-ms="8800">
    <groups>
    </groups>
    <test started-at="2025-02-20T00:46:12 IST" name="Default test" finished-at="2025-02-20T00:46:21 IST" duration-ms="8800">
      <class name="com.message.NumberSearch">
        <test-method is-config="true" signature="launch()[pri:0, instance:com.message.NumberSearch@233795b6]" started-at="2025-02-20T00:45:24 IST" name="launch" finished-at="2025-02-20T00:46:12 IST" duration-ms="47876" status="PASS">
          <reporter-output>
          </reporter-output>
        </test-method> <!-- launch -->
        <test-method signature="Search()[pri:0, instance:com.message.NumberSearch@233795b6]" started-at="2025-02-20T00:46:12 IST" name="Search" finished-at="2025-02-20T00:46:21 IST" duration-ms="8682" status="PASS">
          <reporter-output>
          </reporter-output>
        </test-method> <!-- Search -->
      </class> <!-- com.message.NumberSearch -->
    </test> <!-- Default test -->
  </suite> <!-- Default suite -->
</testng-results>
