<?xml version="1.0" encoding="UTF-8"?>
<testng-results ignored="0" total="2" passed="2" failed="0" skipped="0">
  <reporter-output>
  </reporter-output>
  <suite started-at="2025-02-19T23:19:30 IST" name="Default suite" finished-at="2025-02-19T23:19:35 IST" duration-ms="5136">
    <groups>
    </groups>
    <test started-at="2025-02-19T23:19:30 IST" name="Default test" finished-at="2025-02-19T23:19:35 IST" duration-ms="5136">
      <class name="com.message.NumberSearch">
        <test-method is-config="true" signature="launch()[pri:0, instance:com.message.NumberSearch@26794848]" started-at="2025-02-19T23:18:52 IST" name="launch" finished-at="2025-02-19T23:19:30 IST" duration-ms="38377" status="PASS">
          <reporter-output>
          </reporter-output>
        </test-method> <!-- launch -->
        <test-method signature="Search(java.lang.String)[pri:0, instance:com.message.NumberSearch@26794848]" started-at="2025-02-19T23:19:30 IST" name="Search" data-provider="nameData" finished-at="2025-02-19T23:19:33 IST" duration-ms="2545" status="PASS">
          <params>
            <param index="0">
              <value>
                <![CDATA[Ajai]]>
              </value>
            </param>
          </params>
          <reporter-output>
          </reporter-output>
        </test-method> <!-- Search -->
        <test-method signature="Search(java.lang.String)[pri:0, instance:com.message.NumberSearch@26794848]" started-at="2025-02-19T23:19:33 IST" name="Search" data-provider="nameData" finished-at="2025-02-19T23:19:35 IST" duration-ms="2517" status="PASS">
          <params>
            <param index="0">
              <value>
                <![CDATA[Shyam Sundar]]>
              </value>
            </param>
          </params>
          <reporter-output>
          </reporter-output>
        </test-method> <!-- Search -->
      </class> <!-- com.message.NumberSearch -->
    </test> <!-- Default test -->
  </suite> <!-- Default suite -->
</testng-results>
